app/build/outputs/mapping/release/seeds.txt
cn.navitool.BootReceiver
cn.navitool.AppLaunchManager
cn.navitool.AppLaunchManager$AppInfo
cn.navitool.DebugLogger
cn.navitool.MainActivity
cn.navitool.AppLaunchManager$AppConfig
cn.navitool.KeepAliveAccessibilityService
cn.navitool.MainActivity: android.content.BroadcastReceiver mDayNightStatusReceiver
cn.navitool.DebugLogger: long LOG_COOLDOWN_MS
cn.navitool.DebugLogger: java.lang.String LOG_FILE_NAME
cn.navitool.KeepAliveAccessibilityService: long MONITOR_INTERVAL_MS
cn.navitool.KeepAliveAccessibilityService: java.lang.String AUTONAVI_PKG
cn.navitool.DebugLogger: java.lang.String KEY_DEBUG_MODE
cn.navitool.KeepAliveAccessibilityService: int FUNC_DAYMODE_SETTING
cn.navitool.KeepAliveAccessibilityService: android.content.BroadcastReceiver configChangeReceiver
cn.navitool.MainActivity: androidx.activity.result.ActivityResultLauncher mStoragePermissionLauncher
cn.navitool.MainActivity: androidx.activity.result.ActivityResultLauncher mOverlayPermissionLauncher
cn.navitool.KeepAliveAccessibilityService: int VALUE_DAYMODE_DAY
cn.navitool.AppLaunchManager: java.lang.String KEY_RETURN_TO_HOME
cn.navitool.KeepAliveAccessibilityService: com.geely.lib.oneosapi.input.IInputListener mOneOSInputListener
cn.navitool.MainActivity: int PERMISSION_REQUEST_CODE
cn.navitool.KeepAliveAccessibilityService: com.geely.lib.oneosapi.input.IInputManager mOneOSInputManager
cn.navitool.KeepAliveAccessibilityService: android.content.ServiceConnection mOneOSConnection
cn.navitool.KeepAliveAccessibilityService: int VALUE_DAYMODE_SUNRISE_AND_SUNSET
cn.navitool.KeepAliveAccessibilityService: java.lang.String TAG
cn.navitool.KeepAliveAccessibilityService: int ZONE_ALL
cn.navitool.AppLaunchManager$AppInfo: java.lang.String name
cn.navitool.KeepAliveAccessibilityService: java.lang.Runnable mMonitorRunnable
cn.navitool.KeepAliveAccessibilityService: com.geely.lib.oneosapi.IServiceManager mOneOSServiceManager
cn.navitool.MainActivity: android.content.BroadcastReceiver mOneOSStatusReceiver
cn.navitool.AppLaunchManager$AppConfig: int delaySeconds
cn.navitool.AppLaunchManager: java.lang.String PREFS_NAME
cn.navitool.KeepAliveAccessibilityService: int VALUE_DAYMODE_NIGHT
cn.navitool.DebugLogger: java.lang.String PREF_NAME
cn.navitool.KeepAliveAccessibilityService: com.ecarx.xui.adaptapi.car.base.ICarFunction iCarFunction
cn.navitool.AppLaunchManager$AppConfig: java.lang.String packageName
cn.navitool.KeepAliveAccessibilityService: com.ecarx.xui.adaptapi.car.sensor.ISensor iSensor
cn.navitool.AppLaunchManager$AppInfo: java.lang.String packageName
cn.navitool.KeepAliveAccessibilityService: int MAX_RETRIES
cn.navitool.AppLaunchManager: java.lang.String KEY_AUTO_START_APPS_ENABLED
cn.navitool.BootReceiver: java.lang.String TAG
cn.navitool.KeepAliveAccessibilityService: int VALUE_DAYMODE_AUTO
cn.navitool.KeepAliveAccessibilityService: android.os.Handler mHandler
cn.navitool.KeepAliveAccessibilityService: int VALUE_DAYMODE_CUSTOM
cn.navitool.AppLaunchManager: java.lang.String TAG
cn.navitool.KeepAliveAccessibilityService: boolean mIsMonitoring
cn.navitool.AppLaunchManager: java.lang.String KEY_APP_CONFIG
cn.navitool.KeepAliveAccessibilityService: android.content.SharedPreferences$OnSharedPreferenceChangeListener prefsListener
cn.navitool.KeepAliveAccessibilityService: int mRetryCount
cn.navitool.KeepAliveAccessibilityService: void initCar()
cn.navitool.KeepAliveAccessibilityService: void checkAndForceAutoDayNight()
cn.navitool.MainActivity: void dispatchMediaKey(android.view.KeyEvent)
cn.navitool.DebugLogger: void writeToFile(java.lang.String)
cn.navitool.KeepAliveAccessibilityService: void lambda$checkDayNightStatus$1(boolean)
cn.navitool.MainActivity: boolean hasStoragePermission()
cn.navitool.KeepAliveAccessibilityService: int access$602(cn.navitool.KeepAliveAccessibilityService,int)
cn.navitool.MainActivity: void lambda$initUI$11(android.widget.LinearLayout,android.view.View,android.widget.CompoundButton,boolean)
...
com.ecarx.xui.adaptapi.diminteraction.DimInteraction$IInteractionCallback: void onShowPresentationOptionChanged(int)
com.ecarx.xui.adaptapi.car.userprofile.ICarKey: boolean registerDigitalKeyCallback(com.ecarx.xui.adaptapi.car.userprofile.ICarKey$IDigitalKeyCallback)
ecarx.car.hardware.signal.CarSignalManager: int getStrtInProgs()
ecarx.car.hardware.vehicle.ECarXCarVfsmallcycleManager: ecarx.car.hardware.vehicle.PATypes$PA_WinOpenDrvrReq getPA_WinOpenDrvrReq()
androidx.core.graphics.drawable.IconCompat$Api28Impl: int getType(java.lang.Object)
ecarx.multidisplay.IEcarxMultidisplay: boolean setPsdDisplayOnAndOff(int)
com.ecarx.xui.adaptapi.car.hev.Charging: java.lang.Float lambda$buildFunctions$8()
com.ecarx.xui.adaptapi.car.sensor.-$$Lambda$SensorNew$08cQSYpcG6htpTNm2h74PQsHAK4: -$$Lambda$SensorNew$08cQSYpcG6htpTNm2h74PQsHAK4()
ecarx.car.hardware.vehicle.CarPAEventCallback: void onPA_ChdLockReLeft(ecarx.car.hardware.vehicle.PATypes$PA_ChdLockReLeft)
ecarx.car.hardware.vehicle.PATypes$PA_VFC_SetVehApa: PATypes$PA_VFC_SetVehApa(vendor.ecarx.xma.pa.nano.VendorVehicleHalPAProto$PAIntType)
ecarx.car.hardware.signal.CarSignalManager: int getPinionSteerAgGroupPinionSteerAgSpd1Qf()
ecarx.car.hardware.annotation.AsyLineLeTyp: java.lang.String toString(int)
com.ecarx.xui.adaptapi.input.InputImpl: com.ecarx.xui.adaptapi.input.IKeyCallback access$200(com.ecarx.xui.adaptapi.input.InputImpl)
com.ecarx.xui.adaptapi.uiinteraction.UiInteraction: UiInteraction()
ecarx.car.hardware.signal.CarSignalManager: ecarx.car.hardware.annotation.ApiResult setSeatLenAdjmtRowFirstPass(int)
com.ecarx.xui.adaptapi.car.vehicle.-$$Lambda$PAS$2_L5Gl42y7VAktbQrWegNf3IfRw: java.lang.Object apply(java.lang.Object)
ecarx.car.hardware.vehicle.PATypes$PA_Zone1IntensitySettings: PATypes$PA_Zone1IntensitySettings(vendor.ecarx.xma.pa.nano.VendorVehicleHalPAProto$PAIntType)
ecarx.car.hardware.vehicle.PATypes$PA_CL_ClmCloseWinPop: java.lang.String toString()
androidx.core.graphics.drawable.IconCompat$Api26Impl: android.graphics.drawable.Drawable createAdaptiveIconDrawable(android.graphics.drawable.Drawable,android.graphics.drawable.Drawable)
com.ecarx.xui.adaptapi.utils.Authority: Authority()
com.ecarx.xui.adaptapi.car.userprofile.IUserProfile: boolean stopRestorePreference()
androidx.core.view.ViewCompat$Api17Impl: int getPaddingStart(android.view.View)
ecarx.car.hardware.signal.CarSignalManager: ecarx.car.hardware.annotation.ApiResult setAmplifrTurnOn(int)
ecarx.car.hardware.signal.CarSignalManager: int getProfActProf7()
ecarx.car.IHardKey$Stub$Proxy: android.os.IBinder asBinder()
com.ecarx.xui.adaptapi.car.hvac.-$$Lambda$Hvac$A15Z51wnUXP8bPXJdregAAWLtSA: -$$Lambda$Hvac$A15Z51wnUXP8bPXJdregAAWLtSA(com.ecarx.xui.adaptapi.car.hvac.Hvac)
ecarx.car.hardware.signal.CarSignalManager: int getAsyLineLe2PahPrmC()
androidx.core.view.ViewCompat$Api16Impl: int getWindowSystemUiVisibility(android.view.View)
ecarx.car.hardware.signal.CarSignalManager: int getVehNotifAndLedFltStsByte7()
ecarx.car.hardware.vehicle.PATypes$PA_PSET_ProfileFactoryDefaultResult: java.lang.String toString()
com.ecarx.xui.adaptapi.car.vehicle.Vehicle$EcarxMultidisplayCallbackImpl: void updatePsdDisplayOnAndOff(int)
com.ecarx.xui.adaptapi.dvr.forp.IDvrFunction$IFunctionValueWatcher: void onCustomizeFunctionValueChanged(int,float)
com.ecarx.xui.adaptapi.car.hev.ICharging: java.util.Calendar[] getHistoricalDischargeCapacityTime()
com.ecarx.xui.adaptapi.lightshow.LightShowImpl$TcamCallback: LightShowImpl$TcamCallback(com.ecarx.xui.adaptapi.lightshow.LightShowImpl)
com.ecarx.xui.adaptapi.policy.IAudioAttributes: int registerAudioFocusCallback(com.ecarx.xui.adaptapi.policy.IAudioAttributes$IAudioFocusCallback)
ecarx.car.hardware.annotation.CtrlSts1: java.lang.String toString(int)
androidx.appcompat.resources.Compatibility$Api18Impl: void setAutoCancel(android.animation.ObjectAnimator,boolean)
androidx.versionedparcelable.CustomVersionedParcelable: CustomVersionedParcelable()