app/build/outputs/mapping/release/usage.txt
cn.navitool.BuildConfig
cn.navitool.R$color
cn.navitool.R$drawable:
    public static int bg_rounded_border
    public static int ic_add
    public static int ic_launcher
    public static int ic_launcher_round
    private void <init>()
cn.navitool.R$id:
    public static int layoutAutoModeStatus
    public static int layoutMediaKeyServiceStatus
    public static int tvMediaKeyServiceStatus
    private void <init>()
cn.navitool.R$layout:
    public static int item_permission_status
    private void <init>()
cn.navitool.R$string:
    public static int activate_steering_wheel
    public static int app_name
    public static int auto_start_apps
    public static int auto_start_settings_not_found
    public static int auto_switch_theme
    public static int debug_mode
    public static int fix_permission
    public static int force_auto_day_night
    public static int force_auto_mode
    public static int force_dark
    public static int force_light
    public static int language
    public static int launch_delay
    public static int media_key_service_title
    public static int media_next
    public static int media_play_pause
    public static int media_prev
    public static int return_to_home
    public static int status_auto_day_night
    public static int wechat_button_function
    public static int wechat_long_press
    public static int wechat_short_press
    private void <init>()
cn.navitool.R$style
cn.navitool.R$xml
cn.navitool.R
cn.navitool.AppLaunchManager$$InternalSyntheticLambda$1$5cf5c523130862a884bec25dd70fff0a46e9537e1975d80302d790b1d98e2325$0
cn.navitool.AppLaunchManager$$InternalSyntheticLambda$1$5cf5c523130862a884bec25dd70fff0a46e9537e1975d80302d790b1d98e2325$1
cn.navitool.AppLaunchManager$$InternalSyntheticLambda$1$bbe47d7e90979690432a82290b0cdcc3c3d5aee8eb3d414467434fc7fa31485e$0
cn.navitool.DebugLogger$$InternalSyntheticLambda$1$618e92269b62abc494e931109d786e55249abd73d720639c130415067642f1f6$0
cn.navitool.KeepAliveAccessibilityService$$InternalSyntheticLambda$1$1708b51a8588a491f2ae91c84d2bffde69eb22a1a31841baf3784bbe714e7631$0
cn.navitool.KeepAliveAccessibilityService$1
cn.navitool.KeepAliveAccessibilityService$3
cn.navitool.MainActivity$$InternalSyntheticLambda$1$00099049d92cb7642b1096fddd527879459326829e6e5aa8b01851753bdbac8b$1
cn.navitool.MainActivity$$InternalSyntheticLambda$1$58328b19652fff5e234a9a41dc3619743b35e1cc8cb3706118745c8e57968e6c$10
cn.navitool.MainActivity$$InternalSyntheticLambda$1$58328b19652fff5e234a9a41dc3619743b35e1cc8cb3706118745c8e57968e6c$11
cn.navitool.MainActivity$$InternalSyntheticLambda$1$58328b19652fff5e234a9a41dc3619743b35e1cc8cb3706118745c8e57968e6c$12
cn.navitool.MainActivity$$InternalSyntheticLambda$1$58328b19652fff5e234a9a41dc3619743b35e1cc8cb3706118745c8e57968e6c$14
cn.navitool.MainActivity$$InternalSyntheticLambda$1$58328b19652fff5e234a9a41dc3619743b35e1cc8cb3706118745c8e57968e6c$1
cn.navitool.MainActivity$$InternalSyntheticLambda$1$58328b19652fff5e234a9a41dc3619743b35e1cc8cb3706118745c8e57968e6c$2
cn.navitool.MainActivity$$InternalSyntheticLambda$1$58328b19652fff5e234a9a41dc3619743b35e1cc8cb3706118745c8e57968e6c$3
cn.navitool.MainActivity$$InternalSyntheticLambda$1$58328b19652fff5e234a9a41dc3619743b35e1cc8cb3706118745c8e57968e6c$4
cn.navitool.MainActivity$$InternalSyntheticLambda$1$58328b19652fff5e234a9a41dc3619743b35e1cc8cb3706118745c8e57968e6c$5
cn.navitool.MainActivity$$InternalSyntheticLambda$1$58328b19652fff5e234a9a41dc3619743b35e1cc8cb3706118745c8e57968e6c$6
cn.navitool.MainActivity$$InternalSyntheticLambda$1$58328b19652fff5e234a9a41dc3619743b35e1cc8cb3706118745c8e57968e6c$8
cn.navitool.MainActivity$$InternalSyntheticLambda$1$58328b19652fff5e234a9a41dc3619743b35e1cc8cb3706118745c8e57968e6c$9
cn.navitool.MainActivity$$InternalSyntheticLambda$1$ac61d89151e030ae1242e7454c24df9d3956627ad0df3f3c4fc2c3f96b51850d$1
cn.navitool.MainActivity$1:
    public final synthetic cn.navitool.MainActivity this$0
cn.navitool.MainActivity$2
...
androidx.activity.result.contract.ActivityResultContracts$OpenMultipleDocuments
androidx.activity.result.contract.ActivityResultContracts$PickContact
androidx.activity.result.contract.ActivityResultContracts$PickMultipleVisualMedia$Companion
androidx.activity.result.contract.ActivityResultContracts$PickMultipleVisualMedia
androidx.activity.result.contract.ActivityResultContracts$PickVisualMedia$Companion
androidx.activity.result.contract.ActivityResultContracts$PickVisualMedia$ImageAndVideo
androidx.activity.result.contract.ActivityResultContracts$PickVisualMedia$ImageOnly
androidx.activity.result.contract.ActivityResultContracts$PickVisualMedia$SingleMimeType
androidx.activity.result.contract.ActivityResultContracts$PickVisualMedia$VideoOnly
androidx.activity.result.contract.ActivityResultContracts$PickVisualMedia$VisualMediaType
androidx.activity.result.contract.ActivityResultContracts$PickVisualMedia
androidx.activity.result.contract.ActivityResultContracts$RequestMultiplePermissions:
    public static final java.lang.String ACTION_REQUEST_PERMISSIONS
    public static final java.lang.String EXTRA_PERMISSIONS
    public static final java.lang.String EXTRA_PERMISSION_GRANT_RESULTS
androidx.activity.result.contract.ActivityResultContracts$RequestPermission
androidx.activity.result.contract.ActivityResultContracts$StartActivityForResult:
    public static final java.lang.String EXTRA_ACTIVITY_OPTIONS_BUNDLE
androidx.activity.result.contract.ActivityResultContracts$StartIntentSenderForResult$Companion
androidx.activity.result.contract.ActivityResultContracts$StartIntentSenderForResult
androidx.activity.result.contract.ActivityResultContracts$TakePicture
androidx.activity.result.contract.ActivityResultContracts$TakePicturePreview
androidx.activity.result.contract.ActivityResultContracts$TakeVideo
androidx.activity.result.contract.ActivityResultContracts
androidx.annotation.AnimRes
androidx.annotation.AnimatorRes
androidx.annotation.AnyRes
androidx.annotation.AnyThread
androidx.annotation.ArrayRes
androidx.annotation.AttrRes
androidx.annotation.BinderThread
androidx.annotation.BoolRes
androidx.annotation.CallSuper
androidx.annotation.CheckResult
androidx.annotation.ChecksSdkIntAtLeast
androidx.annotation.ColorInt
androidx.annotation.ColorLong
androidx.annotation.ColorRes
androidx.annotation.ContentView
androidx.annotation.DimenRes
androidx.annotation.Dimension
androidx.annotation.Discouraged
androidx.annotation.DisplayContext
androidx.annotation.DoNotInline
androidx.annotation.DrawableRes
androidx.annotation.FloatRange
androidx.annotation.FontRes
androidx.annotation.FractionRes
androidx.annotation.GravityInt
androidx.annotation.GuardedBy
androidx.annotation.HalfFloat
androidx.annotation.IdRes
androidx.annotation.InspectableProperty$EnumEntry
androidx.annotation.InspectableProperty$FlagEntry
androidx.annotation.InspectableProperty$ValueType
androidx.annotation.InspectableProperty
androidx.annotation.IntDef
androidx.annotation.IntRange
androidx.annotation.IntegerRes
androidx.annotation.InterpolatorRes
androidx.annotation.LayoutRes
androidx.annotation.LongDef
androidx.annotation.MainThread
androidx.annotation.MenuRes
androidx.annotation.NavigationRes
androidx.annotation.NonNull
androidx.annotation.NonUiContext
androidx.annotation.Nullable
androidx.annotation.OptIn
androidx.annotation.PluralsRes
androidx.annotation.Px
androidx.annotation.RawRes
androidx.annotation.RequiresApi
androidx.annotation.RequiresFeature
androidx.annotation.RequiresOptIn$Level
androidx.annotation.RequiresOptIn
androidx.annotation.RequiresPermission$Read
androidx.annotation.RequiresPermission$Write
androidx.annotation.RequiresPermission
androidx.annotation.RestrictTo$Scope
androidx.annotation.RestrictTo
androidx.annotation.Size
androidx.annotation.StringDef
androidx.annotation.StringRes
androidx.annotation.StyleRes
androidx.annotation.StyleableRes
androidx.annotation.TransitionRes
androidx.annotation.UiContext
androidx.annotation.UiThread